<?xml version="1.0" encoding="UTF-8"?>
<!-- Generated by org.testng.reporters.JUnitReportReporter -->
<testsuite hostname="DESKTOP-D55R5FF" failures="0" tests="1" name="testClasses.Kite_Zerodha_Test" time="15.832" errors="0" timestamp="2021-12-14T23:00:51 IST" skipped="0">
  <testcase classname="testClasses.Kite_Zerodha_Test" name="validate_UserID" time="15.832"/>
  <system-out>
    <![CDATA[UserID is Matching , test case is passed]]>
  </system-out>
</testsuite> <!-- testClasses.Kite_Zerodha_Test -->
